Arguments: 
  /Users/auraoupa/anaconda2/envs/pangeo-cloud/bin/node /Users/auraoupa/anaconda2/envs/pangeo-cloud/lib/python3.6/site-packages/jupyterlab/staging/yarn.js run build

PATH: 
  /opt/local/bin:/opt/local/sbin:/anaconda2/bin:/Users/auraoupa/anaconda2/envs/pangeo-cloud/bin:/Users/auraoupa/anaconda2/condabin:/usr/local/bin:/usr/bin:/bin:/usr/sbin:/sbin:/Library/TeX/texbin:/opt/X11/bin

Yarn version: 
  1.9.4

Node version: 
  10.13.0

Platform: 
  darwin x64

Trace: 
  SyntaxError: /Users/auraoupa/Work/git/pangeo-deployments-test/package.json: Unexpected token l in JSON at position 0
      at JSON.parse (<anonymous>)
      at /Users/auraoupa/anaconda2/envs/pangeo-cloud/lib/python3.6/site-packages/jupyterlab/staging/yarn.js:1130:59
      at Generator.next (<anonymous>)
      at step (/Users/auraoupa/anaconda2/envs/pangeo-cloud/lib/python3.6/site-packages/jupyterlab/staging/yarn.js:92:30)
      at /Users/auraoupa/anaconda2/envs/pangeo-cloud/lib/python3.6/site-packages/jupyterlab/staging/yarn.js:103:13

npm manifest: 
  labextension:
    factory:
      module: 'dask.distributed'
      class: 'LocalCluster'
      args: []
      kwargs: {}
    default:
      workers: null
      adapt:
        null
        # minimum: 0
        # maximum: 10
    initial:
      []
      # - name: "My Big Cluster"
      #   workers: 100
      # - name: "Adaptive Cluster"
      #   adapt:
      #     minimum: 0
      #     maximum: 50

yarn manifest: 
  No manifest

Lockfile: 
  # THIS IS AN AUTOGENERATED FILE. DO NOT EDIT THIS FILE DIRECTLY.
  # yarn lockfile v1
